

Microchip MPLAB XC8 Assembler V2.31 build 20201012212115 
                                                                                               Sun Dec 13 12:53:04 2020

Microchip MPLAB XC8 C Compiler v2.31 (Free license) build 20201012212115 Og1 
     1                           	processor	16F877A
     2                           	pagewidth 120
     3                           	opt	flic
     4                           	psect	strings,global,class=STRING,delta=2,noexec
     5                           	psect	cinit,global,class=CODE,merge=1,delta=2
     6                           	psect	cstackCOMMON,global,class=COMMON,space=1,delta=1,noexec
     7                           	psect	maintext,global,class=CODE,split=1,delta=2
     8                           	psect	text1,local,class=CODE,merge=1,delta=2
     9                           	psect	text2,local,class=CODE,merge=1,delta=2
    10                           	psect	text3,local,class=CODE,merge=1,delta=2
    11                           	psect	text4,local,class=CODE,merge=1,delta=2
    12                           	psect	text5,local,class=CODE,merge=1,delta=2
    13                           	psect	text6,local,class=CODE,merge=1,delta=2
    14                           	psect	text7,local,class=CODE,merge=1,delta=2
    15                           	psect	config,global,abs,ovrld,class=CONFIG,space=4,delta=2,noexec
    16                           	dabs	1,0x7E,2
    17  0000                     
    18                           ; Version 2.31
    19                           ; Generated 13/10/2020 GMT
    20                           ; 
    21                           ; Copyright © 2020, Microchip Technology Inc. and its subsidiaries ("Microchip")
    22                           ; All rights reserved.
    23                           ; 
    24                           ; This software is developed by Microchip Technology Inc. and its subsidiaries ("Microch
      +                          ip").
    25                           ; 
    26                           ; Redistribution and use in source and binary forms, with or without modification, are
    27                           ; permitted provided that the following conditions are met:
    28                           ; 
    29                           ;     1. Redistributions of source code must retain the above copyright notice, this lis
      +                          t of
    30                           ;        conditions and the following disclaimer.
    31                           ; 
    32                           ;     2. Redistributions in binary form must reproduce the above copyright notice, this 
      +                          list
    33                           ;        of conditions and the following disclaimer in the documentation and/or other
    34                           ;        materials provided with the distribution. Publication is not required when
    35                           ;        this file is used in an embedded application.
    36                           ; 
    37                           ;     3. Microchip's name may not be used to endorse or promote products derived from th
      +                          is
    38                           ;        software without specific prior written permission.
    39                           ; 
    40                           ; THIS SOFTWARE IS PROVIDED BY MICROCHIP "AS IS" AND ANY EXPRESS OR IMPLIED WARRANTIES,
    41                           ; INCLUDING, BUT NOT LIMITED TO, THE IMPLIED WARRANTIES OF MERCHANTABILITY AND FITNESS F
      +                          OR
    42                           ; PURPOSE ARE DISCLAIMED.  IN NO EVENT SHALL MICROCHIP BE LIABLE FOR ANY DIRECT, INDIREC
      +                          T,
    43                           ; INCIDENTAL, SPECIAL, EXEMPLARY, OR CONSEQUENTIAL DAMAGES (INCLUDING BUT NOT LIMITED TO
    44                           ; PROCUREMENT OF SUBSTITUTE GOODS OR SERVICES; LOSS OF USE, DATA OR PROFITS; OR BUSINESS
    45                           ; INTERRUPTION) HOWSOEVER CAUSED AND ON ANY THEORY OF LIABILITY, WHETHER IN CONTRACT, ST
      +                          RICT
    46                           ; LIABILITY, OR TORT (INCLUDING NEGLIGENCE OR OTHERWISE) ARISING IN ANY WAY OUT OF THE U
      +                          SE OF
    47                           ; THIS SOFTWARE, EVEN IF ADVISED OF THE POSSIBILITY OF SUCH DAMAGE.
    48                           ; 
    49                           ; 
    50                           ; Code-generator required, PIC16F877A Definitions
    51                           ; 
    52                           ; SFR Addresses
    53  0000                     	;# 
    54  0001                     	;# 
    55  0002                     	;# 
    56  0003                     	;# 
    57  0004                     	;# 
    58  0005                     	;# 
    59  0006                     	;# 
    60  0007                     	;# 
    61  0008                     	;# 
    62  0009                     	;# 
    63  000A                     	;# 
    64  000B                     	;# 
    65  000C                     	;# 
    66  000D                     	;# 
    67  000E                     	;# 
    68  000E                     	;# 
    69  000F                     	;# 
    70  0010                     	;# 
    71  0011                     	;# 
    72  0012                     	;# 
    73  0013                     	;# 
    74  0014                     	;# 
    75  0015                     	;# 
    76  0015                     	;# 
    77  0016                     	;# 
    78  0017                     	;# 
    79  0018                     	;# 
    80  0019                     	;# 
    81  001A                     	;# 
    82  001B                     	;# 
    83  001B                     	;# 
    84  001C                     	;# 
    85  001D                     	;# 
    86  001E                     	;# 
    87  001F                     	;# 
    88  0081                     	;# 
    89  0085                     	;# 
    90  0086                     	;# 
    91  0087                     	;# 
    92  0088                     	;# 
    93  0089                     	;# 
    94  008C                     	;# 
    95  008D                     	;# 
    96  008E                     	;# 
    97  0091                     	;# 
    98  0092                     	;# 
    99  0093                     	;# 
   100  0094                     	;# 
   101  0098                     	;# 
   102  0099                     	;# 
   103  009C                     	;# 
   104  009D                     	;# 
   105  009E                     	;# 
   106  009F                     	;# 
   107  010C                     	;# 
   108  010D                     	;# 
   109  010E                     	;# 
   110  010F                     	;# 
   111  018C                     	;# 
   112  018D                     	;# 
   113  0000                     	;# 
   114  0001                     	;# 
   115  0002                     	;# 
   116  0003                     	;# 
   117  0004                     	;# 
   118  0005                     	;# 
   119  0006                     	;# 
   120  0007                     	;# 
   121  0008                     	;# 
   122  0009                     	;# 
   123  000A                     	;# 
   124  000B                     	;# 
   125  000C                     	;# 
   126  000D                     	;# 
   127  000E                     	;# 
   128  000E                     	;# 
   129  000F                     	;# 
   130  0010                     	;# 
   131  0011                     	;# 
   132  0012                     	;# 
   133  0013                     	;# 
   134  0014                     	;# 
   135  0015                     	;# 
   136  0015                     	;# 
   137  0016                     	;# 
   138  0017                     	;# 
   139  0018                     	;# 
   140  0019                     	;# 
   141  001A                     	;# 
   142  001B                     	;# 
   143  001B                     	;# 
   144  001C                     	;# 
   145  001D                     	;# 
   146  001E                     	;# 
   147  001F                     	;# 
   148  0081                     	;# 
   149  0085                     	;# 
   150  0086                     	;# 
   151  0087                     	;# 
   152  0088                     	;# 
   153  0089                     	;# 
   154  008C                     	;# 
   155  008D                     	;# 
   156  008E                     	;# 
   157  0091                     	;# 
   158  0092                     	;# 
   159  0093                     	;# 
   160  0094                     	;# 
   161  0098                     	;# 
   162  0099                     	;# 
   163  009C                     	;# 
   164  009D                     	;# 
   165  009E                     	;# 
   166  009F                     	;# 
   167  010C                     	;# 
   168  010D                     	;# 
   169  010E                     	;# 
   170  010F                     	;# 
   171  018C                     	;# 
   172  018D                     	;# 
   173  0000                     	;# 
   174  0001                     	;# 
   175  0002                     	;# 
   176  0003                     	;# 
   177  0004                     	;# 
   178  0005                     	;# 
   179  0006                     	;# 
   180  0007                     	;# 
   181  0008                     	;# 
   182  0009                     	;# 
   183  000A                     	;# 
   184  000B                     	;# 
   185  000C                     	;# 
   186  000D                     	;# 
   187  000E                     	;# 
   188  000E                     	;# 
   189  000F                     	;# 
   190  0010                     	;# 
   191  0011                     	;# 
   192  0012                     	;# 
   193  0013                     	;# 
   194  0014                     	;# 
   195  0015                     	;# 
   196  0015                     	;# 
   197  0016                     	;# 
   198  0017                     	;# 
   199  0018                     	;# 
   200  0019                     	;# 
   201  001A                     	;# 
   202  001B                     	;# 
   203  001B                     	;# 
   204  001C                     	;# 
   205  001D                     	;# 
   206  001E                     	;# 
   207  001F                     	;# 
   208  0081                     	;# 
   209  0085                     	;# 
   210  0086                     	;# 
   211  0087                     	;# 
   212  0088                     	;# 
   213  0089                     	;# 
   214  008C                     	;# 
   215  008D                     	;# 
   216  008E                     	;# 
   217  0091                     	;# 
   218  0092                     	;# 
   219  0093                     	;# 
   220  0094                     	;# 
   221  0098                     	;# 
   222  0099                     	;# 
   223  009C                     	;# 
   224  009D                     	;# 
   225  009E                     	;# 
   226  009F                     	;# 
   227  010C                     	;# 
   228  010D                     	;# 
   229  010E                     	;# 
   230  010F                     	;# 
   231  018C                     	;# 
   232  018D                     	;# 
   233  0007                     _PORTC	set	7
   234  0032                     _RB2	set	50
   235  0030                     _RB0	set	48
   236  0031                     _RB1	set	49
   237  0087                     _TRISC	set	135
   238  0086                     _TRISB	set	134
   239                           
   240                           	psect	strings
   241  0003                     __pstrings:
   242  0003                     stringtab:
   243  0003                     __stringtab:
   244  0003                     stringcode:	
   245                           ;	String table - string pointers are 1 byte each
   246                           
   247  0003                     stringdir:
   248  0003  3000               	movlw	high stringdir
   249  0004  008A               	movwf	10
   250  0005  0804               	movf	4,w
   251  0006  0A84               	incf	4,f
   252  0007  0782               	addwf	2,f
   253  0008                     __stringbase:
   254  0008  3400               	retlw	0
   255  0009                     __end_of__stringtab:
   256  0009                     STR_2:
   257  0009  344D               	retlw	77	;'M'
   258  000A  3475               	retlw	117	;'u'
   259  000B  3468               	retlw	104	;'h'
   260  000C  3465               	retlw	101	;'e'
   261  000D  346E               	retlw	110	;'n'
   262  000E  3464               	retlw	100	;'d'
   263  000F  3469               	retlw	105	;'i'
   264  0010  3473               	retlw	115	;'s'
   265  0011  346C               	retlw	108	;'l'
   266  0012  3469               	retlw	105	;'i'
   267  0013  3467               	retlw	103	;'g'
   268  0014  3469               	retlw	105	;'i'
   269  0015  3400               	retlw	0
   270  0016                     STR_1:
   271  0016  344D               	retlw	77	;'M'
   272  0017  3465               	retlw	101	;'e'
   273  0018  346B               	retlw	107	;'k'
   274  0019  3461               	retlw	97	;'a'
   275  001A  3474               	retlw	116	;'t'
   276  001B  3472               	retlw	114	;'r'
   277  001C  346F               	retlw	111	;'o'
   278  001D  346E               	retlw	110	;'n'
   279  001E  3469               	retlw	105	;'i'
   280  001F  346B               	retlw	107	;'k'
   281  0020  3400               	retlw	0
   282                           
   283                           	psect	cinit
   284  07FC                     start_initialization:	
   285                           ; #config settings
   286                           
   287  07FC                     __initialization:
   288  07FC                     end_of_initialization:	
   289                           ;End of C runtime variable initialization code
   290                           
   291  07FC                     __end_of__initialization:
   292  07FC  0183               	clrf	3
   293  07FD  120A  118A  2F2F   	ljmp	_main	;jump to C main() function
   294                           
   295                           	psect	cstackCOMMON
   296  0070                     __pcstackCOMMON:
   297  0070                     ?_lcd_hazirla:
   298  0070                     ?_lcd_yaz:	
   299                           ; 1 bytes @ 0x0
   300                           
   301  0070                     ?_main:	
   302                           ; 1 bytes @ 0x0
   303                           
   304  0070                     ?_bekle:	
   305                           ; 1 bytes @ 0x0
   306                           
   307  0070                     ??_bekle:	
   308                           ; 1 bytes @ 0x0
   309                           
   310  0070                     ?_lcd_komut:	
   311                           ; 1 bytes @ 0x0
   312                           
   313  0070                     ?_veri_yolla:	
   314                           ; 1 bytes @ 0x0
   315                           
   316  0070                     ?_lcd_sil:	
   317                           ; 1 bytes @ 0x0
   318                           
   319                           
   320                           ; 1 bytes @ 0x0
   321  0070                     	ds	1
   322  0071                     ??_lcd_komut:
   323  0071                     ??_veri_yolla:	
   324                           ; 1 bytes @ 0x1
   325                           
   326                           
   327                           ; 1 bytes @ 0x1
   328  0071                     	ds	1
   329  0072                     lcd_komut@c:
   330  0072                     veri_yolla@c:	
   331                           ; 1 bytes @ 0x2
   332                           
   333                           
   334                           ; 1 bytes @ 0x2
   335  0072                     	ds	1
   336  0073                     ??_lcd_yaz:
   337  0073                     ?_lcd_gotoxy:	
   338                           ; 1 bytes @ 0x3
   339                           
   340  0073                     ??_lcd_sil:	
   341                           ; 1 bytes @ 0x3
   342                           
   343  0073                     lcd_gotoxy@y:	
   344                           ; 1 bytes @ 0x3
   345                           
   346                           
   347                           ; 1 bytes @ 0x3
   348  0073                     	ds	1
   349  0074                     ??_lcd_gotoxy:
   350  0074                     lcd_yaz@s:	
   351                           ; 1 bytes @ 0x4
   352                           
   353  0074                     lcd_gotoxy@x:	
   354                           ; 1 bytes @ 0x4
   355                           
   356                           
   357                           ; 1 bytes @ 0x4
   358  0074                     	ds	1
   359  0075                     ??_lcd_hazirla:
   360                           
   361                           ; 1 bytes @ 0x5
   362  0075                     	ds	2
   363  0077                     ??_main:
   364                           
   365                           	psect	maintext
   366  072F                     __pmaintext:	
   367                           ; 1 bytes @ 0x7
   368 ;;
   369 ;;Main: autosize = 0, tempsize = 0, incstack = 0, save=0
   370 ;;
   371 ;; *************** function _main *****************
   372 ;; Defined at:
   373 ;;		line 38 in file "newmain.c"
   374 ;; Parameters:    Size  Location     Type
   375 ;;		None
   376 ;; Auto vars:     Size  Location     Type
   377 ;;		None
   378 ;; Return value:  Size  Location     Type
   379 ;;                  1    wreg      void 
   380 ;; Registers used:
   381 ;;		wreg, fsr0l, fsr0h, status,2, status,0, pclath, cstack
   382 ;; Tracked objects:
   383 ;;		On entry : B00/0
   384 ;;		On exit  : 0/0
   385 ;;		Unchanged: 0/0
   386 ;; Data sizes:     COMMON   BANK0   BANK1   BANK3   BANK2
   387 ;;      Params:         0       0       0       0       0
   388 ;;      Locals:         0       0       0       0       0
   389 ;;      Temps:          0       0       0       0       0
   390 ;;      Totals:         0       0       0       0       0
   391 ;;Total ram usage:        0 bytes
   392 ;; Hardware stack levels required when called:    4
   393 ;; This function calls:
   394 ;;		_lcd_gotoxy
   395 ;;		_lcd_hazirla
   396 ;;		_lcd_yaz
   397 ;; This function is called by:
   398 ;;		Startup code after reset
   399 ;; This function uses a non-reentrant model
   400 ;;
   401                           
   402                           
   403                           ;psect for function _main
   404  072F                     _main:
   405  072F                     l732:	
   406                           ;incstack = 0
   407                           ; Regs used in _main: [wreg-fsr0h+status,2+status,0+pclath+cstack]
   408                           
   409                           
   410                           ;newmain.c: 41:     TRISB=0;
   411  072F  1683               	bsf	3,5	;RP0=1, select bank1
   412  0730  1303               	bcf	3,6	;RP1=0, select bank1
   413  0731  0186               	clrf	6	;volatile
   414                           
   415                           ;newmain.c: 42:     TRISC=0;
   416  0732  0187               	clrf	7	;volatile
   417  0733                     l734:
   418                           
   419                           ;newmain.c: 43:     lcd_hazirla();
   420  0733  120A  118A  27BE  120A  118A  	fcall	_lcd_hazirla
   421  0738                     l736:
   422                           
   423                           ;newmain.c: 44:     lcd_yaz("Mekatronik");
   424  0738  300E               	movlw	(low ((STR_1-__stringbase)| (0+32768)))& (0+255)
   425  0739  120A  118A  2750  120A  118A  	fcall	_lcd_yaz
   426  073E                     l738:
   427                           
   428                           ;newmain.c: 45:     lcd_gotoxy(2,1);
   429  073E  01F3               	clrf	lcd_gotoxy@y
   430  073F  0AF3               	incf	lcd_gotoxy@y,f
   431  0740  3002               	movlw	2
   432  0741  120A  118A  2715  120A  118A  	fcall	_lcd_gotoxy
   433  0746                     l740:
   434                           
   435                           ;newmain.c: 46:     lcd_yaz("Muhendisligi");
   436  0746  3001               	movlw	(low ((STR_2-__stringbase)| (0+32768)))& (0+255)
   437  0747  120A  118A  2750  120A  118A  	fcall	_lcd_yaz
   438  074C                     l15:	
   439                           ;newmain.c: 48:     while(1){
   440                           
   441  074C                     l16:	
   442                           ;newmain.c: 74:     }
   443                           
   444  074C  2F4C               	goto	l15
   445  074D  120A  118A  2800   	ljmp	start
   446  0750                     __end_of_main:
   447                           
   448                           	psect	text1
   449  0750                     __ptext1:	
   450 ;; *************** function _lcd_yaz *****************
   451 ;; Defined at:
   452 ;;		line 34 in file "LCD_lib.c"
   453 ;; Parameters:    Size  Location     Type
   454 ;;  s               1    wreg     PTR const unsigned char 
   455 ;;		 -> STR_2(13), STR_1(11), 
   456 ;; Auto vars:     Size  Location     Type
   457 ;;  s               1    4[COMMON] PTR const unsigned char 
   458 ;;		 -> STR_2(13), STR_1(11), 
   459 ;; Return value:  Size  Location     Type
   460 ;;                  1    wreg      void 
   461 ;; Registers used:
   462 ;;		wreg, fsr0l, fsr0h, status,2, status,0, pclath, cstack
   463 ;; Tracked objects:
   464 ;;		On entry : 0/0
   465 ;;		On exit  : 0/0
   466 ;;		Unchanged: 0/0
   467 ;; Data sizes:     COMMON   BANK0   BANK1   BANK3   BANK2
   468 ;;      Params:         0       0       0       0       0
   469 ;;      Locals:         1       0       0       0       0
   470 ;;      Temps:          1       0       0       0       0
   471 ;;      Totals:         2       0       0       0       0
   472 ;;Total ram usage:        2 bytes
   473 ;; Hardware stack levels used:    1
   474 ;; Hardware stack levels required when called:    2
   475 ;; This function calls:
   476 ;;		_bekle
   477 ;;		_veri_yolla
   478 ;; This function is called by:
   479 ;;		_main
   480 ;; This function uses a non-reentrant model
   481 ;;
   482                           
   483                           
   484                           ;psect for function _lcd_yaz
   485  0750                     _lcd_yaz:
   486                           
   487                           ;incstack = 0
   488                           ; Regs used in _lcd_yaz: [wreg-fsr0h+status,2+status,0+pclath+cstack]
   489                           ;lcd_yaz@s stored from wreg
   490  0750  00F4               	movwf	lcd_yaz@s
   491  0751                     l718:
   492                           
   493                           ;LCD_lib.c: 35:     bekle();
   494  0751  120A  118A  2700  120A  118A  	fcall	_bekle
   495                           
   496                           ;LCD_lib.c: 36:     while(*s){
   497  0756  2F67               	goto	l724
   498  0757                     l720:
   499                           
   500                           ;LCD_lib.c: 37:         veri_yolla(*s++);
   501  0757  0874               	movf	lcd_yaz@s,w
   502  0758  0084               	movwf	4
   503  0759  120A  118A  2003  120A  118A  	fcall	stringdir
   504  075E  120A  118A  2799  120A  118A  	fcall	_veri_yolla
   505  0763                     l722:
   506  0763  3001               	movlw	1
   507  0764  00F3               	movwf	??_lcd_yaz
   508  0765  0873               	movf	??_lcd_yaz,w
   509  0766  07F4               	addwf	lcd_yaz@s,f
   510  0767                     l724:
   511                           
   512                           ;LCD_lib.c: 36:     while(*s){
   513  0767  0874               	movf	lcd_yaz@s,w
   514  0768  0084               	movwf	4
   515  0769  120A  118A  2003  120A  118A  	fcall	stringdir
   516  076E  3A00               	xorlw	0
   517  076F  1D03               	skipz
   518  0770  2F72               	goto	u51
   519  0771  2F73               	goto	u50
   520  0772                     u51:
   521  0772  2F57               	goto	l720
   522  0773                     u50:
   523  0773                     l46:
   524  0773  0008               	return
   525  0774                     __end_of_lcd_yaz:
   526                           
   527                           	psect	text2
   528  0799                     __ptext2:	
   529 ;; *************** function _veri_yolla *****************
   530 ;; Defined at:
   531 ;;		line 18 in file "LCD_lib.c"
   532 ;; Parameters:    Size  Location     Type
   533 ;;  c               1    wreg     unsigned char 
   534 ;; Auto vars:     Size  Location     Type
   535 ;;  c               1    2[COMMON] unsigned char 
   536 ;; Return value:  Size  Location     Type
   537 ;;                  1    wreg      void 
   538 ;; Registers used:
   539 ;;		wreg, status,2, status,0, pclath, cstack
   540 ;; Tracked objects:
   541 ;;		On entry : 0/0
   542 ;;		On exit  : 0/0
   543 ;;		Unchanged: 0/0
   544 ;; Data sizes:     COMMON   BANK0   BANK1   BANK3   BANK2
   545 ;;      Params:         0       0       0       0       0
   546 ;;      Locals:         1       0       0       0       0
   547 ;;      Temps:          1       0       0       0       0
   548 ;;      Totals:         2       0       0       0       0
   549 ;;Total ram usage:        2 bytes
   550 ;; Hardware stack levels used:    1
   551 ;; Hardware stack levels required when called:    1
   552 ;; This function calls:
   553 ;;		_bekle
   554 ;; This function is called by:
   555 ;;		_lcd_yaz
   556 ;; This function uses a non-reentrant model
   557 ;;
   558                           
   559                           
   560                           ;psect for function _veri_yolla
   561  0799                     _veri_yolla:
   562                           
   563                           ;incstack = 0
   564                           ; Regs used in _veri_yolla: [wreg+status,2+status,0+pclath+cstack]
   565                           ;veri_yolla@c stored from wreg
   566  0799  00F2               	movwf	veri_yolla@c
   567  079A                     l664:
   568                           
   569                           ;LCD_lib.c: 19:     RB1=0;
   570  079A  1283               	bcf	3,5	;RP0=0, select bank0
   571  079B  1303               	bcf	3,6	;RP1=0, select bank0
   572  079C  1086               	bcf	6,1	;volatile
   573                           
   574                           ;LCD_lib.c: 20:     RB0=1;
   575  079D  1406               	bsf	6,0	;volatile
   576                           
   577                           ;LCD_lib.c: 21:     RB2=1;
   578  079E  1506               	bsf	6,2	;volatile
   579  079F                     l666:
   580                           
   581                           ;LCD_lib.c: 22:     PORTC = (c & 0xF0);
   582  079F  0872               	movf	veri_yolla@c,w
   583  07A0  39F0               	andlw	240
   584  07A1  0087               	movwf	7	;volatile
   585  07A2                     l668:
   586                           
   587                           ;LCD_lib.c: 23:     RB2=0;
   588  07A2  1106               	bcf	6,2	;volatile
   589  07A3                     l670:
   590                           
   591                           ;LCD_lib.c: 24:     bekle();
   592  07A3  120A  118A  2700  120A  118A  	fcall	_bekle
   593  07A8                     l672:
   594                           
   595                           ;LCD_lib.c: 25:     RB2=1;
   596  07A8  1283               	bcf	3,5	;RP0=0, select bank0
   597  07A9  1303               	bcf	3,6	;RP1=0, select bank0
   598  07AA  1506               	bsf	6,2	;volatile
   599  07AB                     l674:
   600                           
   601                           ;LCD_lib.c: 26:     PORTC = ( (c & 0x0F)<<4 );
   602  07AB  0872               	movf	veri_yolla@c,w
   603  07AC  390F               	andlw	15
   604  07AD  00F1               	movwf	??_veri_yolla
   605  07AE  3003               	movlw	3
   606  07AF                     u25:
   607  07AF  1003               	clrc
   608  07B0  0DF1               	rlf	??_veri_yolla,f
   609  07B1  3EFF               	addlw	-1
   610  07B2  1D03               	skipz
   611  07B3  2FAF               	goto	u25
   612  07B4  1003               	clrc
   613  07B5  0D71               	rlf	??_veri_yolla,w
   614  07B6  0087               	movwf	7	;volatile
   615  07B7                     l676:
   616                           
   617                           ;LCD_lib.c: 27:     RB2=0;
   618  07B7  1106               	bcf	6,2	;volatile
   619  07B8                     l678:
   620                           
   621                           ;LCD_lib.c: 28:     bekle();
   622  07B8  120A  118A  2700  120A  118A  	fcall	_bekle
   623  07BD                     l37:
   624  07BD  0008               	return
   625  07BE                     __end_of_veri_yolla:
   626                           
   627                           	psect	text3
   628  07BE                     __ptext3:	
   629 ;; *************** function _lcd_hazirla *****************
   630 ;; Defined at:
   631 ;;		line 46 in file "LCD_lib.c"
   632 ;; Parameters:    Size  Location     Type
   633 ;;		None
   634 ;; Auto vars:     Size  Location     Type
   635 ;;		None
   636 ;; Return value:  Size  Location     Type
   637 ;;                  1    wreg      void 
   638 ;; Registers used:
   639 ;;		wreg, status,2, status,0, pclath, cstack
   640 ;; Tracked objects:
   641 ;;		On entry : 0/0
   642 ;;		On exit  : 0/0
   643 ;;		Unchanged: 0/0
   644 ;; Data sizes:     COMMON   BANK0   BANK1   BANK3   BANK2
   645 ;;      Params:         0       0       0       0       0
   646 ;;      Locals:         0       0       0       0       0
   647 ;;      Temps:          2       0       0       0       0
   648 ;;      Totals:         2       0       0       0       0
   649 ;;Total ram usage:        2 bytes
   650 ;; Hardware stack levels used:    1
   651 ;; Hardware stack levels required when called:    3
   652 ;; This function calls:
   653 ;;		_lcd_komut
   654 ;;		_lcd_sil
   655 ;; This function is called by:
   656 ;;		_main
   657 ;; This function uses a non-reentrant model
   658 ;;
   659                           
   660                           
   661                           ;psect for function _lcd_hazirla
   662  07BE                     _lcd_hazirla:
   663  07BE                     l684:	
   664                           ;incstack = 0
   665                           ; Regs used in _lcd_hazirla: [wreg+status,2+status,0+pclath+cstack]
   666                           
   667                           
   668                           ;LCD_lib.c: 47:     RB0=0;
   669  07BE  1283               	bcf	3,5	;RP0=0, select bank0
   670  07BF  1303               	bcf	3,6	;RP1=0, select bank0
   671  07C0  1006               	bcf	6,0	;volatile
   672                           
   673                           ;LCD_lib.c: 48:     RB2=0;
   674  07C1  1106               	bcf	6,2	;volatile
   675                           
   676                           ;LCD_lib.c: 49:     RB1=0;
   677  07C2  1086               	bcf	6,1	;volatile
   678  07C3                     l686:
   679                           
   680                           ;LCD_lib.c: 50:     _delay((unsigned long)((15)*(4000000/4000.0)));
   681  07C3  3014               	movlw	20
   682  07C4  00F6               	movwf	??_lcd_hazirla+1
   683  07C5  3079               	movlw	121
   684  07C6  00F5               	movwf	??_lcd_hazirla
   685  07C7                     u77:
   686  07C7  0BF5               	decfsz	??_lcd_hazirla,f
   687  07C8  2FC7               	goto	u77
   688  07C9  0BF6               	decfsz	??_lcd_hazirla+1,f
   689  07CA  2FC7               	goto	u77
   690  07CB  2FCC               	nop2
   691  07CC                     l688:
   692                           
   693                           ;LCD_lib.c: 51:     RB2=1;
   694  07CC  1283               	bcf	3,5	;RP0=0, select bank0
   695  07CD  1303               	bcf	3,6	;RP1=0, select bank0
   696  07CE  1506               	bsf	6,2	;volatile
   697  07CF                     l690:
   698                           
   699                           ;LCD_lib.c: 52:     lcd_komut(0x02);
   700  07CF  3002               	movlw	2
   701  07D0  120A  118A  2774  120A  118A  	fcall	_lcd_komut
   702  07D5                     l692:
   703                           
   704                           ;LCD_lib.c: 53:     _delay((unsigned long)((2)*(4000000/4000.0)));
   705  07D5  3003               	movlw	3
   706  07D6  00F6               	movwf	??_lcd_hazirla+1
   707  07D7  3097               	movlw	151
   708  07D8  00F5               	movwf	??_lcd_hazirla
   709  07D9                     u87:
   710  07D9  0BF5               	decfsz	??_lcd_hazirla,f
   711  07DA  2FD9               	goto	u87
   712  07DB  0BF6               	decfsz	??_lcd_hazirla+1,f
   713  07DC  2FD9               	goto	u87
   714  07DD  2FDE               	nop2
   715                           
   716                           ;LCD_lib.c: 54:     lcd_komut(40);
   717  07DE  3028               	movlw	40
   718  07DF  120A  118A  2774  120A  118A  	fcall	_lcd_komut
   719                           
   720                           ;LCD_lib.c: 55:     lcd_komut(6);
   721  07E4  3006               	movlw	6
   722  07E5  120A  118A  2774  120A  118A  	fcall	_lcd_komut
   723                           
   724                           ;LCD_lib.c: 56:     lcd_komut(12);
   725  07EA  300C               	movlw	12
   726  07EB  120A  118A  2774  120A  118A  	fcall	_lcd_komut
   727                           
   728                           ;LCD_lib.c: 57:     lcd_sil();
   729  07F0  120A  118A  2705  120A  118A  	fcall	_lcd_sil
   730                           
   731                           ;LCD_lib.c: 58:     lcd_komut(128);
   732  07F5  3080               	movlw	128
   733  07F6  120A  118A  2774  120A  118A  	fcall	_lcd_komut
   734  07FB                     l54:
   735  07FB  0008               	return
   736  07FC                     __end_of_lcd_hazirla:
   737                           
   738                           	psect	text4
   739  0705                     __ptext4:	
   740 ;; *************** function _lcd_sil *****************
   741 ;; Defined at:
   742 ;;		line 30 in file "LCD_lib.c"
   743 ;; Parameters:    Size  Location     Type
   744 ;;		None
   745 ;; Auto vars:     Size  Location     Type
   746 ;;		None
   747 ;; Return value:  Size  Location     Type
   748 ;;                  1    wreg      void 
   749 ;; Registers used:
   750 ;;		wreg, status,2, status,0, pclath, cstack
   751 ;; Tracked objects:
   752 ;;		On entry : 0/0
   753 ;;		On exit  : 0/0
   754 ;;		Unchanged: 0/0
   755 ;; Data sizes:     COMMON   BANK0   BANK1   BANK3   BANK2
   756 ;;      Params:         0       0       0       0       0
   757 ;;      Locals:         0       0       0       0       0
   758 ;;      Temps:          2       0       0       0       0
   759 ;;      Totals:         2       0       0       0       0
   760 ;;Total ram usage:        2 bytes
   761 ;; Hardware stack levels used:    1
   762 ;; Hardware stack levels required when called:    2
   763 ;; This function calls:
   764 ;;		_lcd_komut
   765 ;; This function is called by:
   766 ;;		_lcd_hazirla
   767 ;; This function uses a non-reentrant model
   768 ;;
   769                           
   770                           
   771                           ;psect for function _lcd_sil
   772  0705                     _lcd_sil:
   773  0705                     l680:	
   774                           ;incstack = 0
   775                           ; Regs used in _lcd_sil: [wreg+status,2+status,0+pclath+cstack]
   776                           
   777                           
   778                           ;LCD_lib.c: 31:     lcd_komut(1);
   779  0705  3001               	movlw	1
   780  0706  120A  118A  2774  120A  118A  	fcall	_lcd_komut
   781  070B                     l682:
   782                           
   783                           ;LCD_lib.c: 32:     _delay((unsigned long)((2)*(4000000/4000.0)));
   784  070B  3003               	movlw	3
   785  070C  00F4               	movwf	??_lcd_sil+1
   786  070D  3097               	movlw	151
   787  070E  00F3               	movwf	??_lcd_sil
   788  070F                     u97:
   789  070F  0BF3               	decfsz	??_lcd_sil,f
   790  0710  2F0F               	goto	u97
   791  0711  0BF4               	decfsz	??_lcd_sil+1,f
   792  0712  2F0F               	goto	u97
   793  0713  2F14               	nop2
   794  0714                     l40:
   795  0714  0008               	return
   796  0715                     __end_of_lcd_sil:
   797                           
   798                           	psect	text5
   799  0715                     __ptext5:	
   800 ;; *************** function _lcd_gotoxy *****************
   801 ;; Defined at:
   802 ;;		line 40 in file "LCD_lib.c"
   803 ;; Parameters:    Size  Location     Type
   804 ;;  x               1    wreg     unsigned char 
   805 ;;  y               1    3[COMMON] unsigned char 
   806 ;; Auto vars:     Size  Location     Type
   807 ;;  x               1    4[COMMON] unsigned char 
   808 ;; Return value:  Size  Location     Type
   809 ;;                  1    wreg      void 
   810 ;; Registers used:
   811 ;;		wreg, status,2, status,0, pclath, cstack
   812 ;; Tracked objects:
   813 ;;		On entry : 0/0
   814 ;;		On exit  : 0/0
   815 ;;		Unchanged: 0/0
   816 ;; Data sizes:     COMMON   BANK0   BANK1   BANK3   BANK2
   817 ;;      Params:         1       0       0       0       0
   818 ;;      Locals:         1       0       0       0       0
   819 ;;      Temps:          0       0       0       0       0
   820 ;;      Totals:         2       0       0       0       0
   821 ;;Total ram usage:        2 bytes
   822 ;; Hardware stack levels used:    1
   823 ;; Hardware stack levels required when called:    2
   824 ;; This function calls:
   825 ;;		_lcd_komut
   826 ;; This function is called by:
   827 ;;		_main
   828 ;; This function uses a non-reentrant model
   829 ;;
   830                           
   831                           
   832                           ;psect for function _lcd_gotoxy
   833  0715                     _lcd_gotoxy:
   834                           
   835                           ;incstack = 0
   836                           ; Regs used in _lcd_gotoxy: [wreg+status,2+status,0+pclath+cstack]
   837                           ;lcd_gotoxy@x stored from wreg
   838  0715  00F4               	movwf	lcd_gotoxy@x
   839  0716                     l726:
   840                           
   841                           ;LCD_lib.c: 41:     if(x==1)
   842  0716  0374               	decf	lcd_gotoxy@x,w
   843  0717  1D03               	btfss	3,2
   844  0718  2F1A               	goto	u61
   845  0719  2F1B               	goto	u60
   846  071A                     u61:
   847  071A  2F25               	goto	l730
   848  071B                     u60:
   849  071B                     l728:
   850                           
   851                           ;LCD_lib.c: 42:         lcd_komut(0x80+((y-1)%16));
   852  071B  0873               	movf	lcd_gotoxy@y,w
   853  071C  3EFF               	addlw	255
   854  071D  390F               	andlw	15
   855  071E  3E80               	addlw	128
   856  071F  120A  118A  2774  120A  118A  	fcall	_lcd_komut
   857  0724  2F2E               	goto	l51
   858  0725                     l730:
   859                           
   860                           ;LCD_lib.c: 44:         lcd_komut(0xC0+((y-1)%16));
   861  0725  0873               	movf	lcd_gotoxy@y,w
   862  0726  3EFF               	addlw	255
   863  0727  390F               	andlw	15
   864  0728  3EC0               	addlw	192
   865  0729  120A  118A  2774  120A  118A  	fcall	_lcd_komut
   866  072E                     l51:
   867  072E  0008               	return
   868  072F                     __end_of_lcd_gotoxy:
   869                           
   870                           	psect	text6
   871  0774                     __ptext6:	
   872 ;; *************** function _lcd_komut *****************
   873 ;; Defined at:
   874 ;;		line 6 in file "LCD_lib.c"
   875 ;; Parameters:    Size  Location     Type
   876 ;;  c               1    wreg     unsigned char 
   877 ;; Auto vars:     Size  Location     Type
   878 ;;  c               1    2[COMMON] unsigned char 
   879 ;; Return value:  Size  Location     Type
   880 ;;                  1    wreg      void 
   881 ;; Registers used:
   882 ;;		wreg, status,2, status,0, pclath, cstack
   883 ;; Tracked objects:
   884 ;;		On entry : 0/0
   885 ;;		On exit  : 0/0
   886 ;;		Unchanged: 0/0
   887 ;; Data sizes:     COMMON   BANK0   BANK1   BANK3   BANK2
   888 ;;      Params:         0       0       0       0       0
   889 ;;      Locals:         1       0       0       0       0
   890 ;;      Temps:          1       0       0       0       0
   891 ;;      Totals:         2       0       0       0       0
   892 ;;Total ram usage:        2 bytes
   893 ;; Hardware stack levels used:    1
   894 ;; Hardware stack levels required when called:    1
   895 ;; This function calls:
   896 ;;		_bekle
   897 ;; This function is called by:
   898 ;;		_lcd_sil
   899 ;;		_lcd_gotoxy
   900 ;;		_lcd_hazirla
   901 ;; This function uses a non-reentrant model
   902 ;;
   903                           
   904                           
   905                           ;psect for function _lcd_komut
   906  0774                     _lcd_komut:
   907                           
   908                           ;incstack = 0
   909                           ; Regs used in _lcd_komut: [wreg+status,2+status,0+pclath+cstack]
   910                           ;lcd_komut@c stored from wreg
   911  0774  00F2               	movwf	lcd_komut@c
   912  0775                     l648:
   913                           
   914                           ;LCD_lib.c: 7:     RB1=0;
   915  0775  1283               	bcf	3,5	;RP0=0, select bank0
   916  0776  1303               	bcf	3,6	;RP1=0, select bank0
   917  0777  1086               	bcf	6,1	;volatile
   918                           
   919                           ;LCD_lib.c: 8:     RB0=0;
   920  0778  1006               	bcf	6,0	;volatile
   921                           
   922                           ;LCD_lib.c: 9:     RB2=1;
   923  0779  1506               	bsf	6,2	;volatile
   924  077A                     l650:
   925                           
   926                           ;LCD_lib.c: 10:     PORTC = (c & 0xF0);
   927  077A  0872               	movf	lcd_komut@c,w
   928  077B  39F0               	andlw	240
   929  077C  0087               	movwf	7	;volatile
   930  077D                     l652:
   931                           
   932                           ;LCD_lib.c: 11:     RB2=0;
   933  077D  1106               	bcf	6,2	;volatile
   934  077E                     l654:
   935                           
   936                           ;LCD_lib.c: 12:     bekle();
   937  077E  120A  118A  2700  120A  118A  	fcall	_bekle
   938  0783                     l656:
   939                           
   940                           ;LCD_lib.c: 13:     RB2=1;
   941  0783  1283               	bcf	3,5	;RP0=0, select bank0
   942  0784  1303               	bcf	3,6	;RP1=0, select bank0
   943  0785  1506               	bsf	6,2	;volatile
   944  0786                     l658:
   945                           
   946                           ;LCD_lib.c: 14:     PORTC = ( (c & 0x0F)<<4 );
   947  0786  0872               	movf	lcd_komut@c,w
   948  0787  390F               	andlw	15
   949  0788  00F1               	movwf	??_lcd_komut
   950  0789  3003               	movlw	3
   951  078A                     u15:
   952  078A  1003               	clrc
   953  078B  0DF1               	rlf	??_lcd_komut,f
   954  078C  3EFF               	addlw	-1
   955  078D  1D03               	skipz
   956  078E  2F8A               	goto	u15
   957  078F  1003               	clrc
   958  0790  0D71               	rlf	??_lcd_komut,w
   959  0791  0087               	movwf	7	;volatile
   960  0792                     l660:
   961                           
   962                           ;LCD_lib.c: 15:     RB2=0;
   963  0792  1106               	bcf	6,2	;volatile
   964  0793                     l662:
   965                           
   966                           ;LCD_lib.c: 16:     bekle();
   967  0793  120A  118A  2700  120A  118A  	fcall	_bekle
   968  0798                     l34:
   969  0798  0008               	return
   970  0799                     __end_of_lcd_komut:
   971                           
   972                           	psect	text7
   973  0700                     __ptext7:	
   974 ;; *************** function _bekle *****************
   975 ;; Defined at:
   976 ;;		line 3 in file "LCD_lib.c"
   977 ;; Parameters:    Size  Location     Type
   978 ;;		None
   979 ;; Auto vars:     Size  Location     Type
   980 ;;		None
   981 ;; Return value:  Size  Location     Type
   982 ;;                  1    wreg      void 
   983 ;; Registers used:
   984 ;;		wreg
   985 ;; Tracked objects:
   986 ;;		On entry : 0/0
   987 ;;		On exit  : 0/0
   988 ;;		Unchanged: 0/0
   989 ;; Data sizes:     COMMON   BANK0   BANK1   BANK3   BANK2
   990 ;;      Params:         0       0       0       0       0
   991 ;;      Locals:         0       0       0       0       0
   992 ;;      Temps:          1       0       0       0       0
   993 ;;      Totals:         1       0       0       0       0
   994 ;;Total ram usage:        1 bytes
   995 ;; Hardware stack levels used:    1
   996 ;; This function calls:
   997 ;;		Nothing
   998 ;; This function is called by:
   999 ;;		_lcd_komut
  1000 ;;		_veri_yolla
  1001 ;;		_lcd_yaz
  1002 ;; This function uses a non-reentrant model
  1003 ;;
  1004                           
  1005                           
  1006                           ;psect for function _bekle
  1007  0700                     _bekle:
  1008  0700                     l646:	
  1009                           ;incstack = 0
  1010                           ; Regs used in _bekle: [wreg]
  1011                           
  1012                           
  1013                           ;LCD_lib.c: 4:     _delay((unsigned long)((250)*(4000000/4000000.0)));
  1014  0700  3053               	movlw	83
  1015  0701  00F0               	movwf	??_bekle
  1016  0702                     u107:
  1017  0702  0BF0               	decfsz	??_bekle,f
  1018  0703  2F02               	goto	u107
  1019  0704                     l31:
  1020  0704  0008               	return
  1021  0705                     __end_of_bekle:
  1022  007E                     btemp	set	126	;btemp
  1023  007E                     wtemp0	set	126
  1024                           
  1025                           	psect	config
  1026                           
  1027                           ;Config register CONFIG @ 0x2007
  1028                           ;	Oscillator Selection bits
  1029                           ;	FOSC = XT, XT oscillator
  1030                           ;	Watchdog Timer Enable bit
  1031                           ;	WDTE = OFF, WDT disabled
  1032                           ;	Power-up Timer Enable bit
  1033                           ;	PWRTE = OFF, PWRT disabled
  1034                           ;	Brown-out Reset Enable bit
  1035                           ;	BOREN = ON, BOR enabled
  1036                           ;	Low-Voltage (Single-Supply) In-Circuit Serial Programming Enable bit
  1037                           ;	LVP = ON, RB3/PGM pin has PGM function; low-voltage programming enabled
  1038                           ;	Data EEPROM Memory Code Protection bit
  1039                           ;	CPD = OFF, Data EEPROM code protection off
  1040                           ;	Flash Program Memory Write Enable bits
  1041                           ;	WRT = OFF, Write protection off; all program memory may be written to by EECON control
  1042                           ;	In-Circuit Debugger Mode bit
  1043                           ;	DEBUG = 0x1, unprogrammed default
  1044                           ;	Flash Program Memory Code Protection bit
  1045                           ;	CP = OFF, Code protection off
  1046  2007                     	org	8199
  1047  2007  3FF9               	dw	16377

Data Sizes:
    Strings     24
    Constant    0
    Data        0
    BSS         0
    Persistent  0
    Stack       0

Auto Spaces:
    Space          Size  Autos    Used
    COMMON           14      7       7
    BANK0            80      0       0
    BANK1            80      0       0
    BANK3            96      0       0
    BANK2            96      0       0

Pointer List with Targets:

    lcd_yaz@s	PTR const unsigned char  size(1) Largest target is 13
		 -> STR_2(CODE[13]), STR_1(CODE[11]), 


Critical Paths under _main in COMMON

    _main->_lcd_hazirla
    _lcd_yaz->_veri_yolla
    _veri_yolla->_bekle
    _lcd_hazirla->_lcd_sil
    _lcd_sil->_lcd_komut
    _lcd_gotoxy->_lcd_komut
    _lcd_komut->_bekle

Critical Paths under _main in BANK0

    None.

Critical Paths under _main in BANK1

    None.

Critical Paths under _main in BANK3

    None.

Critical Paths under _main in BANK2

    None.

Call Graph Tables:

 ---------------------------------------------------------------------------------
 (Depth) Function   	        Calls       Base Space   Used Autos Params    Refs
 ---------------------------------------------------------------------------------
 (0) _main                                                 0     0      0     373
                         _lcd_gotoxy
                        _lcd_hazirla
                            _lcd_yaz
 ---------------------------------------------------------------------------------
 (1) _lcd_yaz                                              2     2      0     141
                                              3 COMMON     2     2      0
                              _bekle
                         _veri_yolla
 ---------------------------------------------------------------------------------
 (2) _veri_yolla                                           2     2      0      30
                                              1 COMMON     2     2      0
                              _bekle
 ---------------------------------------------------------------------------------
 (1) _lcd_hazirla                                          2     2      0      60
                                              5 COMMON     2     2      0
                          _lcd_komut
                            _lcd_sil
 ---------------------------------------------------------------------------------
 (2) _lcd_sil                                              2     2      0      30
                                              3 COMMON     2     2      0
                          _lcd_komut
 ---------------------------------------------------------------------------------
 (1) _lcd_gotoxy                                           2     1      1     172
                                              3 COMMON     2     1      1
                          _lcd_komut
 ---------------------------------------------------------------------------------
 (3) _lcd_komut                                            2     2      0      30
                                              1 COMMON     2     2      0
                              _bekle
 ---------------------------------------------------------------------------------
 (3) _bekle                                                1     1      0       0
                                              0 COMMON     1     1      0
 ---------------------------------------------------------------------------------
 Estimated maximum stack depth 3
 ---------------------------------------------------------------------------------

 Call Graph Graphs:

 _main (ROOT)
   _lcd_gotoxy
     _lcd_komut
       _bekle
   _lcd_hazirla
     _lcd_komut
       _bekle
     _lcd_sil
       _lcd_komut
         _bekle
   _lcd_yaz
     _bekle
     _veri_yolla
       _bekle

 Address spaces:
Name               Size   Autos  Total    Cost      Usage
BITCOMMON            E      0       0       0        0.0%
EEDATA             100      0       0       0        0.0%
NULL                 0      0       0       0        0.0%
CODE                 0      0       0       0        0.0%
COMMON               E      7       7       1       50.0%
BITSFR0              0      0       0       1        0.0%
SFR0                 0      0       0       1        0.0%
BITSFR1              0      0       0       2        0.0%
SFR1                 0      0       0       2        0.0%
STACK                0      0       0       2        0.0%
ABS                  0      0       0       3        0.0%
BITBANK0            50      0       0       4        0.0%
BITSFR3              0      0       0       4        0.0%
SFR3                 0      0       0       4        0.0%
BANK0               50      0       0       5        0.0%
BITSFR2              0      0       0       5        0.0%
SFR2                 0      0       0       5        0.0%
BITBANK1            50      0       0       6        0.0%
BANK1               50      0       0       7        0.0%
BITBANK3            60      0       0       8        0.0%
BANK3               60      0       0       9        0.0%
BITBANK2            60      0       0      10        0.0%
BANK2               60      0       0      11        0.0%
DATA                 0      0       0      12        0.0%


Microchip Technology PIC Macro Assembler V2.31 build 20201012212115 
Symbol Table                                                                                   Sun Dec 13 12:53:04 2020

                      pc 0002                       l31 0704                       l15 074C  
                     l40 0714                       l16 074C                       l34 0798  
                     l51 072E                       l37 07BD                       l54 07FB  
                     l46 0773                       u15 078A                       u25 07AF  
                     u50 0773                       u51 0772                       u60 071B  
                     u61 071A                       u77 07C7                       u87 07D9  
                     u97 070F                       fsr 0004                      l720 0757  
                    l650 077A                      l730 0725                      l722 0763  
                    l660 0792                      l652 077D                      l724 0767  
                    l740 0746                      l732 072F                      l646 0700  
                    l662 0793                      l654 077E                      l726 0716  
                    l670 07A3                      l718 0751                      l734 0733  
                    l656 0783                      l648 0775                      l728 071B  
                    l680 0705                      l672 07A8                      l664 079A  
                    l736 0738                      l658 0786                      l682 070B  
                    l690 07CF                      l674 07AB                      l666 079F  
                    l738 073E                      l692 07D5                      l684 07BE  
                    l676 07B7                      l668 07A2                      l686 07C3  
                    l678 07B8                      l688 07CC                      _RB0 0030  
                    _RB1 0031                      _RB2 0032                      u107 0702  
                    fsr0 0004              lcd_gotoxy@x 0074              lcd_gotoxy@y 0073  
                   STR_1 0016                     STR_2 0009                     _main 072F  
                   btemp 007E                     start 0000                    ?_main 0070  
                  _PORTC 0007                    _TRISB 0086                    _TRISC 0087  
        __end_of_lcd_sil 0715          __end_of_lcd_yaz 0774                    _bekle 0700  
                  pclath 000A                    status 0003                    wtemp0 007E  
        __initialization 07FC             __end_of_main 0750                   ??_main 0077  
                 ?_bekle 0070     __size_of_lcd_hazirla 003E                ??_lcd_sil 0073  
              ??_lcd_yaz 0073  __end_of__initialization 07FC           __pcstackCOMMON 0070  
          __end_of_bekle 0705       __size_of_lcd_komut 0025                  ??_bekle 0070  
             __pmaintext 072F               _lcd_gotoxy 0715               __stringtab 0003  
      __end_of_lcd_komut 0799                  __ptext1 0750                  __ptext2 0799  
                __ptext3 07BE                  __ptext4 0705                  __ptext5 0715  
                __ptext6 0774                  __ptext7 0700                  _lcd_sil 0705  
                _lcd_yaz 0750     end_of_initialization 07FC               _veri_yolla 0799  
            ?_lcd_gotoxy 0073               lcd_komut@c 0072            ??_lcd_hazirla 0075  
            veri_yolla@c 0072      start_initialization 07FC      __size_of_lcd_gotoxy 001A  
    __end_of_lcd_hazirla 07FC              ?_veri_yolla 0070                ___latbits 0002  
              _lcd_komut 0774                __pstrings 0003                 ?_lcd_sil 0070  
               ?_lcd_yaz 0070           __size_of_bekle 0005              _lcd_hazirla 07BE  
    __size_of_veri_yolla 0025               ?_lcd_komut 0070              __stringbase 0008  
           ??_lcd_gotoxy 0074       __end_of_lcd_gotoxy 072F       __end_of__stringtab 0009  
       __size_of_lcd_sil 0010         __size_of_lcd_yaz 0024            __size_of_main 0021  
               lcd_yaz@s 0074              ??_lcd_komut 0071             ??_veri_yolla 0071  
              stringcode 0003       __end_of_veri_yolla 07BE                 stringdir 0003  
               stringtab 0003             ?_lcd_hazirla 0070  
